[AVG.Lng] INFO 2017-09-09 07:51:41,496 SAYANNYA-PC PID:5500 THID:5656 ID:{92E43B1B-87EB-4c5b-8B4C-F1F0E33933BA}:224.206912.d5cb030e6b22ee4b9a06b6fa729326a2491acf01.7 MSG:aDZralSWSgG8+9fX/LYLrKm3Xy873EaoyxMTxmyrRZUApLB8UX6W+dWbvOrFWM2IB+3KX8feNcnmGwFfoLCPu1n3Bzb5B8IocNJmVvXLVqXsww72evFj5Nb3rhv9HtxRuXkBucii13gZ2i3/vA1IiZPtyl/H1jm8R5dZHt01EkbQJy832QfCKHDSdlbRlyblsUaDC9d9O6WrcjPmdM70UJl5AbnIotd4GYQ==
[AVG.Lng] INFO 2017-09-09 07:51:41,498 SAYANNYA-PC PID:5500 THID:5656 ID:{92E43B1B-87EB-4c5b-8B4C-F1F0E33933BA}:255.206912.d5cb030e6b22ee4b9a06b6fa729326a2491acf01.7 MSG:aDZralSWSgFhxx8D4MrrsOC6b48C8
[AVG.Lng] INFO 2017-09-09 07:51:41,502 SAYANNYA-PC PID:5500 THID:5656 ID:{92E43B1B-87EB-4c5b-8B4C-F1F0E33933BA}:305.206912.d5cb030e6b22ee4b9a06b6fa729326a2491acf01.7 MSG:*
[AVG.Lng] INFO 2017-09-09 07:51:43,601 SAYANNYA-PC PID:5856 THID:1124 ID:{92E43B1B-87EB-4c5b-8B4C-F1F0E33933BA}:224.206912.d5cb030e6b22ee4b9a06b6fa729326a2491acf01.7 MSG:aCrCXUf5H5j741vnWPJxASf5S4PZEbl/w0H0Lp7InEiViVsmbVGjJN5DYMn+V9BXMgbMCxg/nxstXQv2Zltk19sXrgHqaJexN8rqZlGPLAhijRpamDycM96lSfMPfQWMLFTq4/SN4qUSAvHchwJVVqYGzAsYN5NujNFTtxve+SpSx4YAymiXsTfK+mZ101xIPwiXpzWwxHKjINQOhq0tjQxU6uP0jeKlElw==
[AVG.Lng] INFO 2017-09-09 07:51:43,601 SAYANNYA-PC PID:5856 THID:1124 ID:{92E43B1B-87EB-4c5b-8B4C-F1F0E33933BA}:255.206912.d5cb030e6b22ee4b9a06b6fa729326a2491acf01.7 MSG:aCYTZ21LLxh51xnVwfn1WYmRdZS0b
[AVG.Lng] INFO 2017-09-09 07:51:43,606 SAYANNYA-PC PID:5856 THID:1124 ID:{92E43B1B-87EB-4c5b-8B4C-F1F0E33933BA}:305.206912.d5cb030e6b22ee4b9a06b6fa729326a2491acf01.7 MSG:*
[AVG.Lng] INFO 2017-09-09 07:51:47,525 SAYANNYA-PC PID:1672 THID:4516 ID:{92E43B1B-87EB-4c5b-8B4C-F1F0E33933BA}:224.206912.d5cb030e6b22ee4b9a06b6fa729326a2491acf01.7 MSG:aBUSkeamTf2Jn0zW1xRg2dDtvJoOQC5TSrRZ/oqfdy6T41v2b41wDQfhIIytx1H6ogR8na0va71nr9zX1biZUts0fs1LN8XURbb9V95pPdCVme1DT20LH1dQ5CMbKu7qKj7qM/ZRMYzLoLGZ1JLU+zYEfJ2tJ2fIxiOElqg9BK9S5FbMazfF1EW27Vf6NU2QyBxgvuLhU14q1XnekvrG6wo+6jP2UTGMy/w==
[AVG.Lng] INFO 2017-09-09 07:51:47,526 SAYANNYA-PC PID:1672 THID:4516 ID:{92E43B1B-87EB-4c5b-8B4C-F1F0E33933BA}:255.206912.d5cb030e6b22ee4b9a06b6fa729326a2491acf01.7 MSG:aALNbkW96peq29hBHvSiFASam/uxp
[AVG.Lng] INFO 2017-09-09 07:51:47,530 SAYANNYA-PC PID:1672 THID:4516 ID:{92E43B1B-87EB-4c5b-8B4C-F1F0E33933BA}:305.206912.d5cb030e6b22ee4b9a06b6fa729326a2491acf01.7 MSG:*
[AVG.Lng] INFO 2017-09-09 07:51:52,281 SAYANNYA-PC PID:1084 THID:3544 ID:{92E43B1B-87EB-4c5b-8B4C-F1F0E33933BA}:224.206912.d5cb030e6b22ee4b9a06b6fa729326a2491acf01.7 MSG:aDMnXyfcWhgsKWD+sMR2wCPPxhPNtlxCY9lwIagoAJM8GXmaj6r5o0ZLNlyehp0qAZvVilXYcIg2ktHN2v4sBC5OSwOKTdIx4ADRf7m5K8lmu5fKjJt5Dn49zfw5nZlXhcTIXxZ2uCKKCqdJ59MYK5Wb1YpV0Hz9lx6JjKd7sfmnnmMCqk3SMeAAwX+d5VuJOz4aNyEXIU8DuFABsE2xVqXEyF8WdrgiilQ==
[AVG.Lng] INFO 2017-09-09 07:51:52,282 SAYANNYA-PC PID:1084 THID:3544 ID:{92E43B1B-87EB-4c5b-8B4C-F1F0E33933BA}:255.206912.d5cb030e6b22ee4b9a06b6fa729326a2491acf01.7 MSG:aA8raG73tncyoBDuLp1qyLd+wdonc
[AVG.Lng] INFO 2017-09-09 07:51:52,286 SAYANNYA-PC PID:1084 THID:3544 ID:{92E43B1B-87EB-4c5b-8B4C-F1F0E33933BA}:305.206912.d5cb030e6b22ee4b9a06b6fa729326a2491acf01.7 MSG:*
[AVG.Lng] INFO 2017-09-09 07:51:55,516 SAYANNYA-PC PID:3068 THID:5992 ID:{92E43B1B-87EB-4c5b-8B4C-F1F0E33933BA}:224.206912.d5cb030e6b22ee4b9a06b6fa729326a2491acf01.7 MSG:aBtfKZVsoBiOHDwaOEdGmLGLazQXrOAuzr796oRKOShs5Lvdo1cTWPll7bWheJg5dUWOnRuM3hYFWDkrOYLGI9/CM3U4/SgxQjWNmzE6G5H0/zrtVoHFYtNaQDcV/6Ds1TkKGDqLUtk1JHyg2C0dOOFFjp0bhNJjpNRhakQHW95WEht0GP0oMUI1nZsVZmvRqXq3EPsNnSOu393KnC+I7fU5Chg6i1LZNXg==
[AVG.Lng] INFO 2017-09-09 07:51:55,517 SAYANNYA-PC PID:3068 THID:5992 ID:{92E43B1B-87EB-4c5b-8B4C-F1F0E33933BA}:255.206912.d5cb030e6b22ee4b9a06b6fa729326a2491acf01.7 MSG:aBUSkeamTf1Uo4QCy2iAxZngjDo3b
[AVG.Lng] INFO 2017-09-09 07:51:55,521 SAYANNYA-PC PID:3068 THID:5992 ID:{92E43B1B-87EB-4c5b-8B4C-F1F0E33933BA}:305.206912.d5cb030e6b22ee4b9a06b6fa729326a2491acf01.7 MSG:*
[AVG.Lng] INFO 2017-11-24 06:07:46,225 SAYANNYA-PC PID:6140 THID:5840 ID:{92E43B1B-87EB-4c5b-8B4C-F1F0E33933BA}:224.215212.eac9b7b44f662f70e17daa983e816803e6a9fab5.7 MSG:aDZralSWSgG8+9fX/LYLrKm3Xy873EaoyxMTxmyrRZUApLB8UX6W+dWbvOrFWM2IB+3KX8feNcnmGwFfoLCPu1n3Bzb5B8IocNJmVvXLVqXsww72evFj5Nb3rhv9HtxRuXkBucii13gZ2i3/vA1IiZPtyl/H1jm8R5dZHt01EkbQJy832QfCKHDSdlbRlyblsUaDC9d9O6WrcjPmdM70UJl5AbnIotd4GYQ==
[AVG.Lng] INFO 2017-11-24 06:07:46,250 SAYANNYA-PC PID:6140 THID:5840 ID:{92E43B1B-87EB-4c5b-8B4C-F1F0E33933BA}:255.215212.eac9b7b44f662f70e17daa983e816803e6a9fab5.7 MSG:aBwx2NG2tC79V73UYQDmF+bAzkJDk
[AVG.Lng] INFO 2017-11-24 06:07:46,255 SAYANNYA-PC PID:6140 THID:5840 ID:{92E43B1B-87EB-4c5b-8B4C-F1F0E33933BA}:305.215212.eac9b7b44f662f70e17daa983e816803e6a9fab5.7 MSG:*
[AVG.Lng] INFO 2017-11-24 06:07:48,008 SAYANNYA-PC PID:5188 THID:6136 ID:{92E43B1B-87EB-4c5b-8B4C-F1F0E33933BA}:224.215212.eac9b7b44f662f70e17daa983e816803e6a9fab5.7 MSG:aCrCXUf5H5j741vnWPJxASf5S4PZEbl/w0H0Lp7InEiViVsmbVGjJN5DYMn+V9BXMgbMCxg/nxstXQv2Zltk19sXrgHqaJexN8rqZlGPLAhijRpamDycM96lSfMPfQWMLFTq4/SN4qUSAvHchwJVVqYGzAsYN5NujNFTtxve+SpSx4YAymiXsTfK+mZ101xIPwiXpzWwxHKjINQOhq0tjQxU6uP0jeKlElw==
[AVG.Lng] INFO 2017-11-24 06:07:48,009 SAYANNYA-PC PID:5188 THID:6136 ID:{92E43B1B-87EB-4c5b-8B4C-F1F0E33933BA}:255.215212.eac9b7b44f662f70e17daa983e816803e6a9fab5.7 MSG:aD/kLyVqmkEsbgo+wNcu49oD4sS1M
[AVG.Lng] INFO 2017-11-24 06:07:48,013 SAYANNYA-PC PID:5188 THID:6136 ID:{92E43B1B-87EB-4c5b-8B4C-F1F0E33933BA}:305.215212.eac9b7b44f662f70e17daa983e816803e6a9fab5.7 MSG:*
[AVG.Lng] INFO 2017-11-24 06:07:52,301 SAYANNYA-PC PID:1092 THID:3936 ID:{92E43B1B-87EB-4c5b-8B4C-F1F0E33933BA}:224.215212.eac9b7b44f662f70e17daa983e816803e6a9fab5.7 MSG:aAQ5rkEN9APEGjCQdUdf9zVAdP9mmvl53upkztVVo1ZruN4c2gvSO3DopqjDklxctSJoVCsMG6yXD0K18N4dZkcFVfLsnHwqCDOBEXw6Av5wNCUmJ7fcNcMO2RNE4DqS0mVv2UPXk7q8qTe9usfZXSEiaFQrBBfZNoMa9I1bgJvO1X3zzJx8KggzkRFYZnK+LbGo24o7hHS+i0TuzTASk/Jlb9lD15O6vPQ==
[AVG.Lng] INFO 2017-11-24 06:07:52,302 SAYANNYA-PC PID:1092 THID:3936 ID:{92E43B1B-87EB-4c5b-8B4C-F1F0E33933BA}:255.215212.eac9b7b44f662f70e17daa983e816803e6a9fab5.7 MSG:aBUSkeamTf1Uo4QCy2iAxZngjDo3b
[AVG.Lng] INFO 2017-11-24 06:07:52,306 SAYANNYA-PC PID:1092 THID:3936 ID:{92E43B1B-87EB-4c5b-8B4C-F1F0E33933BA}:305.215212.eac9b7b44f662f70e17daa983e816803e6a9fab5.7 MSG:*
[AVG.Lng] INFO 2017-11-24 06:07:57,824 SAYANNYA-PC PID:3760 THID:3756 ID:{92E43B1B-87EB-4c5b-8B4C-F1F0E33933BA}:224.215212.eac9b7b44f662f70e17daa983e816803e6a9fab5.7 MSG:aD/kLyVqmkHxUsLq3KvO/5MO0mSMH8VH3dvab9WaHwz1UVUe6XA29VVFv73zo6YTogyujG/ORvH1wm1esr6jhwWeiHOI+xJoPXtza9XWk/bWeoO9zTLgC8A/Z7JEL4bITIzk23Csd3SZBC6oivYjEjYMroxvxkqEVE41H887PnqMTqByqPsSaD17Y2vxiuO2i/8OQGC+uEq9uvpPzf+uyWyM5NtwrHd0mVg==
[AVG.Lng] INFO 2017-11-24 06:07:57,825 SAYANNYA-PC PID:3760 THID:3756 ID:{92E43B1B-87EB-4c5b-8B4C-F1F0E33933BA}:255.215212.eac9b7b44f662f70e17daa983e816803e6a9fab5.7 MSG:aBtfKZVsoBhTIPTOJDumhPiGW5Qug
[AVG.Lng] INFO 2017-11-24 06:07:57,829 SAYANNYA-PC PID:3760 THID:3756 ID:{92E43B1B-87EB-4c5b-8B4C-F1F0E33933BA}:305.215212.eac9b7b44f662f70e17daa983e816803e6a9fab5.7 MSG:*
[AVG.Lng] INFO 2017-11-24 06:08:01,291 SAYANNYA-PC PID:5492 THID:5436 ID:{92E43B1B-87EB-4c5b-8B4C-F1F0E33933BA}:224.215212.eac9b7b44f662f70e17daa983e816803e6a9fab5.7 MSG:aDkxXujl+2pVBhdf9rJI4ZASPg4VTsbt3Ouu/tGqOutahRczJeDPL61qyBCNUajEHDd0ah5nlkcQn8n0wZ4raDxsXQJFdHNDmS+m3v/PFejVZm/XVGPjocEPEyNAH6Mv41im9rw8jq5hK1kF9AQtxYg3dGoeb5oysRORtbwbtpW1vHUDZXRzQ5kvtt7bk2WoiOPiKvnvu+C8io7eyc+LLsNYpva8PI6uYXQ==
[AVG.Lng] INFO 2017-11-24 06:08:01,292 SAYANNYA-PC PID:5492 THID:5436 ID:{92E43B1B-87EB-4c5b-8B4C-F1F0E33933BA}:255.215212.eac9b7b44f662f70e17daa983e816803e6a9fab5.7 MSG:aBtfKZVsoBhTIPTOJDumhPiGW5Qug
[AVG.Lng] INFO 2017-11-24 06:08:01,296 SAYANNYA-PC PID:5492 THID:5436 ID:{92E43B1B-87EB-4c5b-8B4C-F1F0E33933BA}:305.215212.eac9b7b44f662f70e17daa983e816803e6a9fab5.7 MSG:*
[AVG.Lng] INFO 2018-01-30 17:32:30,999 SAYANNYA-PC PID:3308 THID:5740 ID:{92E43B1B-87EB-4c5b-8B4C-F1F0E33933BA}:224.219668.eb293f6a96034e37a89194dd931ec3958a10bf32.7 MSG:aBtfKZVsoBiOHDwaOEdGmLGLazQXrOAuzr796oRKOShs5Lvdo1cTWPll7bWheJg5dUWOnRuM3hYFWDkrOYLGI9/CM3U4/SgxQjWNmzE6G5H0/zrtVoHFYtNaQDcV/6Ds1TkKGDqLUtk1JHyg2C0dOOFFjp0bhNJjpNRhakQHW95WEht0GP0oMUI1nZsVZmvRqXq3EPsNnSOu393KnC+I7fU5Chg6i1LZNXg==
[AVG.Lng] INFO 2018-01-30 17:32:31,220 SAYANNYA-PC PID:3308 THID:5740 ID:{92E43B1B-87EB-4c5b-8B4C-F1F0E33933BA}:255.219668.eb293f6a96034e37a89194dd931ec3958a10bf32.7 MSG:aBwx2NG2tC79V73UYQDmF+bAzkJDk
[AVG.Lng] INFO 2018-01-30 17:32:31,225 SAYANNYA-PC PID:3308 THID:5740 ID:{92E43B1B-87EB-4c5b-8B4C-F1F0E33933BA}:305.219668.eb293f6a96034e37a89194dd931ec3958a10bf32.7 MSG:*
[AVG.Lng] INFO 2018-01-30 17:32:34,270 SAYANNYA-PC PID:4180 THID:2424 ID:{92E43B1B-87EB-4c5b-8B4C-F1F0E33933BA}:224.219668.eb293f6a96034e37a89194dd931ec3958a10bf32.7 MSG:aCIZsD+TafJfXTC2d2Dkdfeyx0RXRpZoQdO0tpwDI50taqVTjVEoYgJeGTMab1EoTwkpDZegDOY4BltZJ/X1dEQDdeySAuHbk3SBN34duXyyxpadFmuzJFw3CWsNtrpZlLcUlhSNaePOH4gmYzrUKdsJKQ2XqACTmYoDGFpwaInN013tsgLh25N0kTdaQck870MbYLvn62UhspSWhGaSWLS3FJYUjWnjzkA==
[AVG.Lng] INFO 2018-01-30 17:32:34,270 SAYANNYA-PC PID:4180 THID:2424 ID:{92E43B1B-87EB-4c5b-8B4C-F1F0E33933BA}:255.219668.eb293f6a96034e37a89194dd931ec3958a10bf32.7 MSG:aCYTZ21LLxh51xnVwfn1WYmRdZS0b
[AVG.Lng] INFO 2018-01-30 17:32:34,275 SAYANNYA-PC PID:4180 THID:2424 ID:{92E43B1B-87EB-4c5b-8B4C-F1F0E33933BA}:305.219668.eb293f6a96034e37a89194dd931ec3958a10bf32.7 MSG:*
[AVG.Lng] INFO 2018-01-30 17:32:38,879 SAYANNYA-PC PID:2804 THID:2368 ID:{92E43B1B-87EB-4c5b-8B4C-F1F0E33933BA}:224.219668.eb293f6a96034e37a89194dd931ec3958a10bf32.7 MSG:aAuF91dkT5eYix+I4xdrqhe53cTdg6ywd2bptLehYhwpq3qBS3J9WokUwcmqXXFOTA8hPU6omxplh/KW3msrMpCS6av69ce+VKKuCepqNqNSzYwdnK6J/GqCVGkmFPvYkHbLRNKuPNtFVVDc0wj0T9gPIT1OoJdvxAuq16Puts8ZQsGq2vXHvlSivgnONkbjD0gB4DEi0b0XB8mUr8TT2bB2y0TSrjzbRQg==
[AVG.Lng] INFO 2018-01-30 17:32:38,880 SAYANNYA-PC PID:2804 THID:2368 ID:{92E43B1B-87EB-4c5b-8B4C-F1F0E33933BA}:255.219668.eb293f6a96034e37a89194dd931ec3958a10bf32.7 MSG:aCIZsD+TafKCYfhiaxwEab6/9+Rua
[AVG.Lng] INFO 2018-01-30 17:32:38,885 SAYANNYA-PC PID:2804 THID:2368 ID:{92E43B1B-87EB-4c5b-8B4C-F1F0E33933BA}:305.219668.eb293f6a96034e37a89194dd931ec3958a10bf32.7 MSG:*
[AVG.Lng] INFO 2018-01-30 17:32:42,652 SAYANNYA-PC PID:364 THID:2736 ID:{92E43B1B-87EB-4c5b-8B4C-F1F0E33933BA}:224.219668.eb293f6a96034e37a89194dd931ec3958a10bf32.7 MSG:aDMnXyfcWhgsKWD+sMR2wCPPxhPNtlxCY9lwIagoAJM8GXmaj6r5o0ZLNlyehp0qAZvVilXYcIg2ktHN2v4sBC5OSwOKTdIx4ADRf7m5K8lmu5fKjJt5Dn49zfw5nZlXhcTIXxZ2uCKKCqdJ59MYK5Wb1YpV0Hz9lx6JjKd7sfmnnmMCqk3SMeAAwX+d5VuJOz4aNyEXIU8DuFABsE2xVqXEyF8WdrgiilQ==
[AVG.Lng] INFO 2018-01-30 17:32:42,653 SAYANNYA-PC PID:364 THID:2736 ID:{92E43B1B-87EB-4c5b-8B4C-F1F0E33933BA}:255.219668.eb293f6a96034e37a89194dd931ec3958a10bf32.7 MSG:aCrCXUf5H5gm35MzRI6RHW70eyPgP
[AVG.Lng] INFO 2018-01-30 17:32:42,657 SAYANNYA-PC PID:364 THID:2736 ID:{92E43B1B-87EB-4c5b-8B4C-F1F0E33933BA}:305.219668.eb293f6a96034e37a89194dd931ec3958a10bf32.7 MSG:*
[AVG.Lng] INFO 2018-01-30 17:32:46,934 SAYANNYA-PC PID:3004 THID:528 ID:{92E43B1B-87EB-4c5b-8B4C-F1F0E33933BA}:224.219668.eb293f6a96034e37a89194dd931ec3958a10bf32.7 MSG:aDZralSWSgG8+9fX/LYLrKm3Xy873EaoyxMTxmyrRZUApLB8UX6W+dWbvOrFWM2IB+3KX8feNcnmGwFfoLCPu1n3Bzb5B8IocNJmVvXLVqXsww72evFj5Nb3rhv9HtxRuXkBucii13gZ2i3/vA1IiZPtyl/H1jm8R5dZHt01EkbQJy832QfCKHDSdlbRlyblsUaDC9d9O6WrcjPmdM70UJl5AbnIotd4GYQ==
[AVG.Lng] INFO 2018-01-30 17:32:46,935 SAYANNYA-PC PID:3004 THID:528 ID:{92E43B1B-87EB-4c5b-8B4C-F1F0E33933BA}:255.219668.eb293f6a96034e37a89194dd931ec3958a10bf32.7 MSG:aAuF91dkT5dFt9dc/2uLtl607WTkr
[AVG.Lng] INFO 2018-01-30 17:32:46,939 SAYANNYA-PC PID:3004 THID:528 ID:{92E43B1B-87EB-4c5b-8B4C-F1F0E33933BA}:305.219668.eb293f6a96034e37a89194dd931ec3958a10bf32.7 MSG:*
[AVG.Lng] INFO 2018-07-29 19:03:14,693 SAYANNYA-PC PID:5976 THID:3388 ID:{92E43B1B-87EB-4c5b-8B4C-F1F0E33933BA}:224.229802.6e4695fd6ce23eb3541f255b0f289c38e2360886.7 MSG:aDMnXyfcWhgsKWD+sMR2wCPPxhPNtlxCY9lwIagoAJM8GXmaj6r5o0ZLNlyehp0qAZvVilXYcIg2ktHN2v4sBC5OSwOKTdIx4ADRf7m5K8lmu5fKjJt5Dn49zfw5nZlXhcTIXxZ2uCKKCqdJ59MYK5Wb1YpV0Hz9lx6JjKd7sfmnnmMCqk3SMeAAwX+d5VuJOz4aNyEXIU8DuFABsE2xVqXEyF8WdrgiilQ==
[AVG.Lng] INFO 2018-07-29 19:03:14,732 SAYANNYA-PC PID:5976 THID:3388 ID:{92E43B1B-87EB-4c5b-8B4C-F1F0E33933BA}:255.229802.6e4695fd6ce23eb3541f255b0f289c38e2360886.7 MSG:aAuF91dkT5dFt9dc/2uLtl607WTkr
[AVG.Lng] INFO 2018-07-29 19:03:14,736 SAYANNYA-PC PID:5976 THID:3388 ID:{92E43B1B-87EB-4c5b-8B4C-F1F0E33933BA}:305.229802.6e4695fd6ce23eb3541f255b0f289c38e2360886.7 MSG:*
[AVG.Lng] INFO 2018-07-29 19:03:16,836 SAYANNYA-PC PID:4008 THID:3996 ID:{92E43B1B-87EB-4c5b-8B4C-F1F0E33933BA}:224.229802.6e4695fd6ce23eb3541f255b0f289c38e2360886.7 MSG:aALNbkW96pd35xCVAohCCE2Xq1uIiQNeG/yTSrlm3a/FuJvnm97WGdS1Bu9rRnmPbQwxzL/295y/IhD5BdAgwDLroTLoLGK+u86hFAv1HwEI4/qCyaQmEgYYLpco00RrfGUqIgICl5gY9Jf6EhP8jvkMMcy//vvpHq5IuHhVvT27O4kzyCxivrvOsRQvqW9BVWZ3f2QoflN7nbNqoQNsalxlKiICApeYGKg==
[AVG.Lng] INFO 2018-07-29 19:03:16,837 SAYANNYA-PC PID:4008 THID:3996 ID:{92E43B1B-87EB-4c5b-8B4C-F1F0E33933BA}:255.229802.6e4695fd6ce23eb3541f255b0f289c38e2360886.7 MSG:aBUSkeamTf1Uo4QCy2iAxZngjDo3b
[AVG.Lng] INFO 2018-07-29 19:03:16,841 SAYANNYA-PC PID:4008 THID:3996 ID:{92E43B1B-87EB-4c5b-8B4C-F1F0E33933BA}:305.229802.6e4695fd6ce23eb3541f255b0f289c38e2360886.7 MSG:*
[AVG.Lng] INFO 2018-07-29 19:03:23,005 SAYANNYA-PC PID:5172 THID:5596 ID:{92E43B1B-87EB-4c5b-8B4C-F1F0E33933BA}:224.229802.6e4695fd6ce23eb3541f255b0f289c38e2360886.7 MSG:aCYTZ21LLxik69EB3YUVRcCcRTSNQSi8F2lwrsXdAnD4GeXRI8bX11gps2oFQ5iikLShBn0DMErZXkgjo0L7WgZTfzvA2qcxaMJggNT4SEyF6BTtzGwN8AqNzXNUaJu0QcRUFLoallaUaCJ/fBYdowS0oQZ9Czw/eNIQYt7HZqePg1c64NqnMWjCcIDwpDgM2G2ZEGHgVbF3CFCO3biztWHEVBS6GpZWlDQ==
[AVG.Lng] INFO 2018-07-29 19:03:23,006 SAYANNYA-PC PID:5172 THID:5596 ID:{92E43B1B-87EB-4c5b-8B4C-F1F0E33933BA}:255.229802.6e4695fd6ce23eb3541f255b0f289c38e2360886.7 MSG:aDZralSWSgFhxx8D4MrrsOC6b48C8
[AVG.Lng] INFO 2018-07-29 19:03:23,010 SAYANNYA-PC PID:5172 THID:5596 ID:{92E43B1B-87EB-4c5b-8B4C-F1F0E33933BA}:305.229802.6e4695fd6ce23eb3541f255b0f289c38e2360886.7 MSG:*
[AVG.Lng] INFO 2018-07-29 19:03:28,905 SAYANNYA-PC PID:3988 THID:3980 ID:{92E43B1B-87EB-4c5b-8B4C-F1F0E33933BA}:224.229802.6e4695fd6ce23eb3541f255b0f289c38e2360886.7 MSG:aBwx2NG2tC4ga3UAfXwGC6/N/uJ6vKlUWk4qQ0J5X+q5bYvflfJNwu/0VpyFmC3E+VXju7QQaWuMZyNuCLFWqEh5XYR8JzwH7ELEgXQBWwLqua87O5GMGEeql57TzMYuALA6GgwuDEMjtceJ/M2oxW1V47u0GGUeLet7L3U0y1XBqXWFXCc8B+xC1IFQXStCtzwixpYd1Fk6LwpjWhzuLyCwOhoMLgxDI+g==
[AVG.Lng] INFO 2018-07-29 19:03:28,906 SAYANNYA-PC PID:3988 THID:3980 ID:{92E43B1B-87EB-4c5b-8B4C-F1F0E33933BA}:255.229802.6e4695fd6ce23eb3541f255b0f289c38e2360886.7 MSG:aAQ5rkEN9AMZJvhEaTu/63xNRF9ft
[AVG.Lng] INFO 2018-07-29 19:03:28,910 SAYANNYA-PC PID:3988 THID:3980 ID:{92E43B1B-87EB-4c5b-8B4C-F1F0E33933BA}:305.229802.6e4695fd6ce23eb3541f255b0f289c38e2360886.7 MSG:*
[AVG.Lng] INFO 2018-07-29 19:03:33,749 SAYANNYA-PC PID:6072 THID:5740 ID:{92E43B1B-87EB-4c5b-8B4C-F1F0E33933BA}:224.229802.6e4695fd6ce23eb3541f255b0f289c38e2360886.7 MSG:aCrCXUf5H5j741vnWPJxASf5S4PZEbl/w0H0Lp7InEiViVsmbVGjJN5DYMn+V9BXMgbMCxg/nxstXQv2Zltk19sXrgHqaJexN8rqZlGPLAhijRpamDycM96lSfMPfQWMLFTq4/SN4qUSAvHchwJVVqYGzAsYN5NujNFTtxve+SpSx4YAymiXsTfK+mZ101xIPwiXpzWwxHKjINQOhq0tjQxU6uP0jeKlElw==
[AVG.Lng] INFO 2018-07-29 19:03:33,750 SAYANNYA-PC PID:6072 THID:5740 ID:{92E43B1B-87EB-4c5b-8B4C-F1F0E33933BA}:255.229802.6e4695fd6ce23eb3541f255b0f289c38e2360886.7 MSG:aBwx2NG2tC79V73UYQDmF+bAzkJDk
[AVG.Lng] INFO 2018-07-29 19:03:33,755 SAYANNYA-PC PID:6072 THID:5740 ID:{92E43B1B-87EB-4c5b-8B4C-F1F0E33933BA}:305.229802.6e4695fd6ce23eb3541f255b0f289c38e2360886.7 MSG:*
