[TUINSTALLHELPER] INFO 2017-09-09 07:51:42,119 SAYANNYA-PC PID:5500 THID:5656 ID:{21536374-B97A-460C-867F-8F867B03C8E8} MSG:Application start: TUInstallHelper.exe (Command line: "C:\Program Files (x86)\AVG\AVG PC TuneUp\TUInstallHelper.exe" --setup-startExplorer)
[TUINSTALLHELPER] INFO 2017-09-09 07:51:42,608 SAYANNYA-PC PID:5500 THID:5656 ID:{C96F3D8F-E2E4-4185-A833-46BF95789D8F} MSG:Application start: TUInstallHelper (Command line: "C:\Program Files (x86)\AVG\AVG PC TuneUp\TUInstallHelper.exe" --setup-startExplorer)
[TUINSTALLHELPER] INFO 2017-09-09 07:51:43,046 SAYANNYA-PC PID:5500 THID:5656 ID:{BC93CF1D-95F9-4701-B25D-C1801318CB54} MSG:Application end: TUInstallHelper.exe
[TUINSTALLHELPER] INFO 2017-09-09 07:51:43,047 SAYANNYA-PC PID:5500 THID:5656 ID:{93B2E3C9-E798-446C-A5CD-5A2EF1199864} MSG:Application end: TUInstallHelper.exe
[TUINSTALLHELPER] INFO 2017-09-09 07:51:43,733 SAYANNYA-PC PID:5856 THID:1124 ID:{21536374-B97A-460C-867F-8F867B03C8E8} MSG:Application start: TUInstallHelper.exe (Command line: "C:\Program Files (x86)\AVG\AVG PC TuneUp\TUInstallHelper.exe" --setup-patch)
[TUINSTALLHELPER] INFO 2017-09-09 07:51:43,797 SAYANNYA-PC PID:5856 THID:1124 ID:{C96F3D8F-E2E4-4185-A833-46BF95789D8F} MSG:Application start: TUInstallHelper (Command line: "C:\Program Files (x86)\AVG\AVG PC TuneUp\TUInstallHelper.exe" --setup-patch)
[TUINSTALLHELPER] INFO 2017-09-09 07:51:44,267 SAYANNYA-PC PID:5856 THID:1124 ID:{13B61471-061B-4C8C-8B67-07AF7072F931} MSG:UnregisterModule(DseShExt-x64.dll) succeeded
[TUINSTALLHELPER] INFO 2017-09-09 07:51:44,570 SAYANNYA-PC PID:5856 THID:1124 ID:{13B61471-061B-4C8C-8B67-07AF7072F931} MSG:UnregisterModule(DseShExt-x86.dll) succeeded
[TUINSTALLHELPER] INFO 2017-09-09 07:51:44,710 SAYANNYA-PC PID:5856 THID:1124 ID:{13B61471-061B-4C8C-8B67-07AF7072F931} MSG:UnregisterModule(SDShelEx-x64.dll) succeeded
[TUINSTALLHELPER] INFO 2017-09-09 07:51:44,819 SAYANNYA-PC PID:5856 THID:1124 ID:{13B61471-061B-4C8C-8B67-07AF7072F931} MSG:UnregisterModule(SDShelEx-win32.dll) succeeded
[TUINSTALLHELPER] INFO 2017-09-09 07:51:44,946 SAYANNYA-PC PID:5856 THID:1124 ID:{13B61471-061B-4C8C-8B67-07AF7072F931} MSG:UnregisterModule(uxtuneup-x64.dll) succeeded
[TUINSTALLHELPER] INFO 2017-09-09 07:51:44,999 SAYANNYA-PC PID:5856 THID:1124 ID:{13B61471-061B-4C8C-8B67-07AF7072F931} MSG:UnregisterModule(uxtuneup-x86.dll) succeeded
[TUINSTALLHELPER] INFO 2017-09-09 07:51:45,152 SAYANNYA-PC PID:5856 THID:1124 ID:{13B61471-061B-4C8C-8B67-07AF7072F931} MSG:UnregisterModule(authuitu-x64.dll) succeeded
[TUINSTALLHELPER] INFO 2017-09-09 07:51:45,667 SAYANNYA-PC PID:5856 THID:1124 ID:{13B61471-061B-4C8C-8B67-07AF7072F931} MSG:UnregisterModule(authuitu-x86.dll) succeeded
[TUINSTALLHELPER] INFO 2017-09-09 07:51:47,013 SAYANNYA-PC PID:5856 THID:1124 ID:{BC93CF1D-95F9-4701-B25D-C1801318CB54} MSG:Application end: TUInstallHelper.exe
[TUINSTALLHELPER] INFO 2017-09-09 07:51:47,014 SAYANNYA-PC PID:5856 THID:1124 ID:{93B2E3C9-E798-446C-A5CD-5A2EF1199864} MSG:Application end: TUInstallHelper.exe
[TUINSTALLHELPER] INFO 2017-09-09 07:51:47,631 SAYANNYA-PC PID:1672 THID:4516 ID:{21536374-B97A-460C-867F-8F867B03C8E8} MSG:Application start: TUInstallHelper.exe (Command line: "C:\Program Files (x86)\AVG\AVG PC TuneUp\TUInstallHelper.exe" --setup-extractData)
[TUINSTALLHELPER] INFO 2017-09-09 07:51:47,696 SAYANNYA-PC PID:1672 THID:4516 ID:{C96F3D8F-E2E4-4185-A833-46BF95789D8F} MSG:Application start: TUInstallHelper (Command line: "C:\Program Files (x86)\AVG\AVG PC TuneUp\TUInstallHelper.exe" --setup-extractData)
[TUINSTALLHELPER] INFO 2017-09-09 07:51:49,971 SAYANNYA-PC PID:1672 THID:4516 ID:{BC93CF1D-95F9-4701-B25D-C1801318CB54} MSG:Application end: TUInstallHelper.exe
[TUINSTALLHELPER] INFO 2017-09-09 07:51:49,971 SAYANNYA-PC PID:1672 THID:4516 ID:{93B2E3C9-E798-446C-A5CD-5A2EF1199864} MSG:Application end: TUInstallHelper.exe
[TUINSTALLHELPER] INFO 2017-09-09 07:51:52,420 SAYANNYA-PC PID:1084 THID:3544 ID:{21536374-B97A-460C-867F-8F867B03C8E8} MSG:Application start: TUInstallHelper.exe (Command line: "C:\Program Files (x86)\AVG\AVG PC TuneUp\TUInstallHelper.exe" --setup-updateShortcuts)
[TUINSTALLHELPER] INFO 2017-09-09 07:51:52,618 SAYANNYA-PC PID:1084 THID:3544 ID:{C96F3D8F-E2E4-4185-A833-46BF95789D8F} MSG:Application start: TUInstallHelper (Command line: "C:\Program Files (x86)\AVG\AVG PC TuneUp\TUInstallHelper.exe" --setup-updateShortcuts)
[TUINSTALLHELPER] INFO 2017-09-09 07:51:52,622 SAYANNYA-PC PID:1084 THID:3544 ID:{7CA82DE4-CFE5-438B-9A68-8BE4CF13A4FA} MSG:RegisterModule(uxtuneup-x86.dll) succeeded
[TUINSTALLHELPER] INFO 2017-09-09 07:51:54,243 SAYANNYA-PC PID:1084 THID:3544 ID:{7CA82DE4-CFE5-438B-9A68-8BE4CF13A4FA} MSG:RegisterModule(uxtuneup-x64.dll) succeeded
[TUINSTALLHELPER] INFO 2017-09-09 07:51:54,830 SAYANNYA-PC PID:1084 THID:3544 ID:{BC93CF1D-95F9-4701-B25D-C1801318CB54} MSG:Application end: TUInstallHelper.exe
[TUINSTALLHELPER] INFO 2017-09-09 07:51:54,831 SAYANNYA-PC PID:1084 THID:3544 ID:{93B2E3C9-E798-446C-A5CD-5A2EF1199864} MSG:Application end: TUInstallHelper.exe
[TUINSTALLHELPER] INFO 2017-09-09 07:51:55,647 SAYANNYA-PC PID:3068 THID:5992 ID:{21536374-B97A-460C-867F-8F867B03C8E8} MSG:Application start: TUInstallHelper.exe (Command line: "C:\Program Files (x86)\AVG\AVG PC TuneUp\TUInstallHelper.exe" --setup-install)
[TUINSTALLHELPER] INFO 2017-09-09 07:51:55,717 SAYANNYA-PC PID:3068 THID:5992 ID:{C96F3D8F-E2E4-4185-A833-46BF95789D8F} MSG:Application start: TUInstallHelper (Command line: "C:\Program Files (x86)\AVG\AVG PC TuneUp\TUInstallHelper.exe" --setup-install)
[TUINSTALLHELPER] INFO 2017-09-09 07:51:55,746 SAYANNYA-PC PID:3068 THID:5992 ID:{7CA82DE4-CFE5-438B-9A68-8BE4CF13A4FA} MSG:RegisterModule(authuitu-x86.dll) succeeded
[TUINSTALLHELPER] INFO 2017-09-09 07:51:55,942 SAYANNYA-PC PID:3068 THID:5992 ID:{7CA82DE4-CFE5-438B-9A68-8BE4CF13A4FA} MSG:RegisterModule(authuitu-x64.dll) succeeded
[TUINSTALLHELPER] INFO 2017-09-09 07:51:56,208 SAYANNYA-PC PID:3068 THID:5992 ID:{7CA82DE4-CFE5-438B-9A68-8BE4CF13A4FA} MSG:RegisterModule(SDShelEx-win32.dll) succeeded
[TUINSTALLHELPER] INFO 2017-09-09 07:51:56,248 SAYANNYA-PC PID:3068 THID:5992 ID:{7CA82DE4-CFE5-438B-9A68-8BE4CF13A4FA} MSG:RegisterModule(SDShelEx-x64.dll) succeeded
[TUINSTALLHELPER] INFO 2017-09-09 07:51:56,272 SAYANNYA-PC PID:3068 THID:5992 ID:{7CA82DE4-CFE5-438B-9A68-8BE4CF13A4FA} MSG:RegisterModule(DseShExt-x86.dll) succeeded
[TUINSTALLHELPER] INFO 2017-09-09 07:51:56,306 SAYANNYA-PC PID:3068 THID:5992 ID:{7CA82DE4-CFE5-438B-9A68-8BE4CF13A4FA} MSG:RegisterModule(DseShExt-x64.dll) succeeded
[TUINSTALLHELPER] INFO 2017-09-09 07:51:56,631 SAYANNYA-PC PID:3068 THID:5992 ID:{BC93CF1D-95F9-4701-B25D-C1801318CB54} MSG:Application end: TUInstallHelper.exe
[TUINSTALLHELPER] INFO 2017-09-09 07:51:56,632 SAYANNYA-PC PID:3068 THID:5992 ID:{93B2E3C9-E798-446C-A5CD-5A2EF1199864} MSG:Application end: TUInstallHelper.exe
[TUINSTALLHELPER] INFO 2017-11-24 06:07:47,146 SAYANNYA-PC PID:6140 THID:5840 ID:{21536374-B97A-460C-867F-8F867B03C8E8} MSG:Application start: TUInstallHelper.exe (Command line: "C:\Program Files (x86)\AVG\AVG PC TuneUp\TUInstallHelper.exe" --setup-startExplorer)
[TUINSTALLHELPER] INFO 2017-11-24 06:07:47,474 SAYANNYA-PC PID:6140 THID:5840 ID:{C96F3D8F-E2E4-4185-A833-46BF95789D8F} MSG:Application start: TUInstallHelper (Command line: "C:\Program Files (x86)\AVG\AVG PC TuneUp\TUInstallHelper.exe" --setup-startExplorer)
[TUINSTALLHELPER] INFO 2017-11-24 06:07:47,608 SAYANNYA-PC PID:6140 THID:5840 ID:{BC93CF1D-95F9-4701-B25D-C1801318CB54} MSG:Application end: TUInstallHelper.exe
[TUINSTALLHELPER] INFO 2017-11-24 06:07:47,609 SAYANNYA-PC PID:6140 THID:5840 ID:{93B2E3C9-E798-446C-A5CD-5A2EF1199864} MSG:Application end: TUInstallHelper.exe
[TUINSTALLHELPER] INFO 2017-11-24 06:07:48,154 SAYANNYA-PC PID:5188 THID:6136 ID:{21536374-B97A-460C-867F-8F867B03C8E8} MSG:Application start: TUInstallHelper.exe (Command line: "C:\Program Files (x86)\AVG\AVG PC TuneUp\TUInstallHelper.exe" --setup-patch)
[TUINSTALLHELPER] INFO 2017-11-24 06:07:48,215 SAYANNYA-PC PID:5188 THID:6136 ID:{C96F3D8F-E2E4-4185-A833-46BF95789D8F} MSG:Application start: TUInstallHelper (Command line: "C:\Program Files (x86)\AVG\AVG PC TuneUp\TUInstallHelper.exe" --setup-patch)
[TUINSTALLHELPER] INFO 2017-11-24 06:07:48,559 SAYANNYA-PC PID:5188 THID:6136 ID:{13B61471-061B-4C8C-8B67-07AF7072F931} MSG:UnregisterModule(DseShExt-x64.dll) succeeded
[TUINSTALLHELPER] INFO 2017-11-24 06:07:49,137 SAYANNYA-PC PID:5188 THID:6136 ID:{13B61471-061B-4C8C-8B67-07AF7072F931} MSG:UnregisterModule(DseShExt-x86.dll) succeeded
[TUINSTALLHELPER] INFO 2017-11-24 06:07:49,202 SAYANNYA-PC PID:5188 THID:6136 ID:{13B61471-061B-4C8C-8B67-07AF7072F931} MSG:UnregisterModule(SDShelEx-x64.dll) succeeded
[TUINSTALLHELPER] INFO 2017-11-24 06:07:49,226 SAYANNYA-PC PID:5188 THID:6136 ID:{13B61471-061B-4C8C-8B67-07AF7072F931} MSG:UnregisterModule(SDShelEx-win32.dll) succeeded
[TUINSTALLHELPER] INFO 2017-11-24 06:07:49,750 SAYANNYA-PC PID:5188 THID:6136 ID:{13B61471-061B-4C8C-8B67-07AF7072F931} MSG:UnregisterModule(uxtuneup-x64.dll) succeeded
[TUINSTALLHELPER] INFO 2017-11-24 06:07:49,804 SAYANNYA-PC PID:5188 THID:6136 ID:{13B61471-061B-4C8C-8B67-07AF7072F931} MSG:UnregisterModule(uxtuneup-x86.dll) succeeded
[TUINSTALLHELPER] INFO 2017-11-24 06:07:49,942 SAYANNYA-PC PID:5188 THID:6136 ID:{13B61471-061B-4C8C-8B67-07AF7072F931} MSG:UnregisterModule(authuitu-x64.dll) succeeded
[TUINSTALLHELPER] INFO 2017-11-24 06:07:51,258 SAYANNYA-PC PID:5188 THID:6136 ID:{13B61471-061B-4C8C-8B67-07AF7072F931} MSG:UnregisterModule(authuitu-x86.dll) succeeded
[TUINSTALLHELPER] INFO 2017-11-24 06:07:51,907 SAYANNYA-PC PID:5188 THID:6136 ID:{BC93CF1D-95F9-4701-B25D-C1801318CB54} MSG:Application end: TUInstallHelper.exe
[TUINSTALLHELPER] INFO 2017-11-24 06:07:51,908 SAYANNYA-PC PID:5188 THID:6136 ID:{93B2E3C9-E798-446C-A5CD-5A2EF1199864} MSG:Application end: TUInstallHelper.exe
[TUINSTALLHELPER] INFO 2017-11-24 06:07:52,412 SAYANNYA-PC PID:1092 THID:3936 ID:{21536374-B97A-460C-867F-8F867B03C8E8} MSG:Application start: TUInstallHelper.exe (Command line: "C:\Program Files (x86)\AVG\AVG PC TuneUp\TUInstallHelper.exe" --setup-extractData)
[TUINSTALLHELPER] INFO 2017-11-24 06:07:52,502 SAYANNYA-PC PID:1092 THID:3936 ID:{C96F3D8F-E2E4-4185-A833-46BF95789D8F} MSG:Application start: TUInstallHelper (Command line: "C:\Program Files (x86)\AVG\AVG PC TuneUp\TUInstallHelper.exe" --setup-extractData)
[TUINSTALLHELPER] INFO 2017-11-24 06:07:55,709 SAYANNYA-PC PID:1092 THID:3936 ID:{BC93CF1D-95F9-4701-B25D-C1801318CB54} MSG:Application end: TUInstallHelper.exe
[TUINSTALLHELPER] INFO 2017-11-24 06:07:55,709 SAYANNYA-PC PID:1092 THID:3936 ID:{93B2E3C9-E798-446C-A5CD-5A2EF1199864} MSG:Application end: TUInstallHelper.exe
[TUINSTALLHELPER] INFO 2017-11-24 06:07:57,961 SAYANNYA-PC PID:3760 THID:3756 ID:{21536374-B97A-460C-867F-8F867B03C8E8} MSG:Application start: TUInstallHelper.exe (Command line: "C:\Program Files (x86)\AVG\AVG PC TuneUp\TUInstallHelper.exe" --setup-updateShortcuts)
[TUINSTALLHELPER] INFO 2017-11-24 06:07:58,039 SAYANNYA-PC PID:3760 THID:3756 ID:{C96F3D8F-E2E4-4185-A833-46BF95789D8F} MSG:Application start: TUInstallHelper (Command line: "C:\Program Files (x86)\AVG\AVG PC TuneUp\TUInstallHelper.exe" --setup-updateShortcuts)
[TUINSTALLHELPER] INFO 2017-11-24 06:07:58,048 SAYANNYA-PC PID:3760 THID:3756 ID:{7CA82DE4-CFE5-438B-9A68-8BE4CF13A4FA} MSG:RegisterModule(uxtuneup-x86.dll) succeeded
[TUINSTALLHELPER] INFO 2017-11-24 06:07:59,837 SAYANNYA-PC PID:3760 THID:3756 ID:{7CA82DE4-CFE5-438B-9A68-8BE4CF13A4FA} MSG:RegisterModule(uxtuneup-x64.dll) succeeded
[TUINSTALLHELPER] INFO 2017-11-24 06:08:00,317 SAYANNYA-PC PID:3760 THID:3756 ID:{BC93CF1D-95F9-4701-B25D-C1801318CB54} MSG:Application end: TUInstallHelper.exe
[TUINSTALLHELPER] INFO 2017-11-24 06:08:00,318 SAYANNYA-PC PID:3760 THID:3756 ID:{93B2E3C9-E798-446C-A5CD-5A2EF1199864} MSG:Application end: TUInstallHelper.exe
[TUINSTALLHELPER] INFO 2017-11-24 06:08:01,430 SAYANNYA-PC PID:5492 THID:5436 ID:{21536374-B97A-460C-867F-8F867B03C8E8} MSG:Application start: TUInstallHelper.exe (Command line: "C:\Program Files (x86)\AVG\AVG PC TuneUp\TUInstallHelper.exe" --setup-install)
[TUINSTALLHELPER] INFO 2017-11-24 06:08:01,572 SAYANNYA-PC PID:5492 THID:5436 ID:{C96F3D8F-E2E4-4185-A833-46BF95789D8F} MSG:Application start: TUInstallHelper (Command line: "C:\Program Files (x86)\AVG\AVG PC TuneUp\TUInstallHelper.exe" --setup-install)
[TUINSTALLHELPER] INFO 2017-11-24 06:08:01,633 SAYANNYA-PC PID:5492 THID:5436 ID:{7CA82DE4-CFE5-438B-9A68-8BE4CF13A4FA} MSG:RegisterModule(authuitu-x86.dll) succeeded
[TUINSTALLHELPER] INFO 2017-11-24 06:08:01,688 SAYANNYA-PC PID:5492 THID:5436 ID:{7CA82DE4-CFE5-438B-9A68-8BE4CF13A4FA} MSG:RegisterModule(authuitu-x64.dll) succeeded
[TUINSTALLHELPER] INFO 2017-11-24 06:08:01,700 SAYANNYA-PC PID:5492 THID:5436 ID:{7CA82DE4-CFE5-438B-9A68-8BE4CF13A4FA} MSG:RegisterModule(SDShelEx-win32.dll) succeeded
[TUINSTALLHELPER] INFO 2017-11-24 06:08:01,813 SAYANNYA-PC PID:5492 THID:5436 ID:{7CA82DE4-CFE5-438B-9A68-8BE4CF13A4FA} MSG:RegisterModule(SDShelEx-x64.dll) succeeded
[TUINSTALLHELPER] INFO 2017-11-24 06:08:01,950 SAYANNYA-PC PID:5492 THID:5436 ID:{7CA82DE4-CFE5-438B-9A68-8BE4CF13A4FA} MSG:RegisterModule(DseShExt-x86.dll) succeeded
[TUINSTALLHELPER] INFO 2017-11-24 06:08:01,988 SAYANNYA-PC PID:5492 THID:5436 ID:{7CA82DE4-CFE5-438B-9A68-8BE4CF13A4FA} MSG:RegisterModule(DseShExt-x64.dll) succeeded
[TUINSTALLHELPER] INFO 2017-11-24 06:08:02,130 SAYANNYA-PC PID:5492 THID:5436 ID:{BC93CF1D-95F9-4701-B25D-C1801318CB54} MSG:Application end: TUInstallHelper.exe
[TUINSTALLHELPER] INFO 2017-11-24 06:08:02,131 SAYANNYA-PC PID:5492 THID:5436 ID:{93B2E3C9-E798-446C-A5CD-5A2EF1199864} MSG:Application end: TUInstallHelper.exe
[TUINSTALLHELPER] INFO 2018-01-30 17:32:32,621 SAYANNYA-PC PID:3308 THID:5740 ID:{21536374-B97A-460C-867F-8F867B03C8E8} MSG:Application start: TUInstallHelper.exe (Command line: "C:\Program Files (x86)\AVG\AVG PC TuneUp\TUInstallHelper.exe" --setup-startExplorer)
[TUINSTALLHELPER] INFO 2018-01-30 17:32:33,067 SAYANNYA-PC PID:3308 THID:5740 ID:{C96F3D8F-E2E4-4185-A833-46BF95789D8F} MSG:Application start: TUInstallHelper (Command line: "C:\Program Files (x86)\AVG\AVG PC TuneUp\TUInstallHelper.exe" --setup-startExplorer)
[TUINSTALLHELPER] INFO 2018-01-30 17:32:33,449 SAYANNYA-PC PID:3308 THID:5740 ID:{BC93CF1D-95F9-4701-B25D-C1801318CB54} MSG:Application end: TUInstallHelper.exe
[TUINSTALLHELPER] INFO 2018-01-30 17:32:33,475 SAYANNYA-PC PID:3308 THID:5740 ID:{93B2E3C9-E798-446C-A5CD-5A2EF1199864} MSG:Application end: TUInstallHelper.exe
[TUINSTALLHELPER] INFO 2018-01-30 17:32:34,473 SAYANNYA-PC PID:4180 THID:2424 ID:{21536374-B97A-460C-867F-8F867B03C8E8} MSG:Application start: TUInstallHelper.exe (Command line: "C:\Program Files (x86)\AVG\AVG PC TuneUp\TUInstallHelper.exe" --setup-patch)
[TUINSTALLHELPER] INFO 2018-01-30 17:32:34,725 SAYANNYA-PC PID:4180 THID:2424 ID:{C96F3D8F-E2E4-4185-A833-46BF95789D8F} MSG:Application start: TUInstallHelper (Command line: "C:\Program Files (x86)\AVG\AVG PC TuneUp\TUInstallHelper.exe" --setup-patch)
[TUINSTALLHELPER] INFO 2018-01-30 17:32:35,412 SAYANNYA-PC PID:4180 THID:2424 ID:{13B61471-061B-4C8C-8B67-07AF7072F931} MSG:UnregisterModule(DseShExt-x64.dll) succeeded
[TUINSTALLHELPER] INFO 2018-01-30 17:32:35,607 SAYANNYA-PC PID:4180 THID:2424 ID:{13B61471-061B-4C8C-8B67-07AF7072F931} MSG:UnregisterModule(DseShExt-x86.dll) succeeded
[TUINSTALLHELPER] INFO 2018-01-30 17:32:35,787 SAYANNYA-PC PID:4180 THID:2424 ID:{13B61471-061B-4C8C-8B67-07AF7072F931} MSG:UnregisterModule(SDShelEx-x64.dll) succeeded
[TUINSTALLHELPER] INFO 2018-01-30 17:32:35,802 SAYANNYA-PC PID:4180 THID:2424 ID:{13B61471-061B-4C8C-8B67-07AF7072F931} MSG:UnregisterModule(SDShelEx-win32.dll) succeeded
[TUINSTALLHELPER] INFO 2018-01-30 17:32:36,819 SAYANNYA-PC PID:4180 THID:2424 ID:{13B61471-061B-4C8C-8B67-07AF7072F931} MSG:UnregisterModule(uxtuneup-x64.dll) succeeded
[TUINSTALLHELPER] INFO 2018-01-30 17:32:37,047 SAYANNYA-PC PID:4180 THID:2424 ID:{13B61471-061B-4C8C-8B67-07AF7072F931} MSG:UnregisterModule(uxtuneup-x86.dll) succeeded
[TUINSTALLHELPER] INFO 2018-01-30 17:32:37,313 SAYANNYA-PC PID:4180 THID:2424 ID:{13B61471-061B-4C8C-8B67-07AF7072F931} MSG:UnregisterModule(authuitu-x64.dll) succeeded
[TUINSTALLHELPER] INFO 2018-01-30 17:32:37,571 SAYANNYA-PC PID:4180 THID:2424 ID:{13B61471-061B-4C8C-8B67-07AF7072F931} MSG:UnregisterModule(authuitu-x86.dll) succeeded
[TUINSTALLHELPER] INFO 2018-01-30 17:32:38,513 SAYANNYA-PC PID:4180 THID:2424 ID:{BC93CF1D-95F9-4701-B25D-C1801318CB54} MSG:Application end: TUInstallHelper.exe
[TUINSTALLHELPER] INFO 2018-01-30 17:32:38,513 SAYANNYA-PC PID:4180 THID:2424 ID:{93B2E3C9-E798-446C-A5CD-5A2EF1199864} MSG:Application end: TUInstallHelper.exe
[TUINSTALLHELPER] INFO 2018-01-30 17:32:39,007 SAYANNYA-PC PID:2804 THID:2368 ID:{21536374-B97A-460C-867F-8F867B03C8E8} MSG:Application start: TUInstallHelper.exe (Command line: "C:\Program Files (x86)\AVG\AVG PC TuneUp\TUInstallHelper.exe" --setup-extractData)
[TUINSTALLHELPER] INFO 2018-01-30 17:32:39,082 SAYANNYA-PC PID:2804 THID:2368 ID:{C96F3D8F-E2E4-4185-A833-46BF95789D8F} MSG:Application start: TUInstallHelper (Command line: "C:\Program Files (x86)\AVG\AVG PC TuneUp\TUInstallHelper.exe" --setup-extractData)
[TUINSTALLHELPER] INFO 2018-01-30 17:32:41,510 SAYANNYA-PC PID:2804 THID:2368 ID:{BC93CF1D-95F9-4701-B25D-C1801318CB54} MSG:Application end: TUInstallHelper.exe
[TUINSTALLHELPER] INFO 2018-01-30 17:32:41,511 SAYANNYA-PC PID:2804 THID:2368 ID:{93B2E3C9-E798-446C-A5CD-5A2EF1199864} MSG:Application end: TUInstallHelper.exe
[TUINSTALLHELPER] INFO 2018-01-30 17:32:42,796 SAYANNYA-PC PID:364 THID:2736 ID:{21536374-B97A-460C-867F-8F867B03C8E8} MSG:Application start: TUInstallHelper.exe (Command line: "C:\Program Files (x86)\AVG\AVG PC TuneUp\TUInstallHelper.exe" --setup-updateShortcuts)
[TUINSTALLHELPER] INFO 2018-01-30 17:32:42,868 SAYANNYA-PC PID:364 THID:2736 ID:{C96F3D8F-E2E4-4185-A833-46BF95789D8F} MSG:Application start: TUInstallHelper (Command line: "C:\Program Files (x86)\AVG\AVG PC TuneUp\TUInstallHelper.exe" --setup-updateShortcuts)
[TUINSTALLHELPER] INFO 2018-01-30 17:32:42,895 SAYANNYA-PC PID:364 THID:2736 ID:{7CA82DE4-CFE5-438B-9A68-8BE4CF13A4FA} MSG:RegisterModule(uxtuneup-x86.dll) succeeded
[TUINSTALLHELPER] INFO 2018-01-30 17:32:45,179 SAYANNYA-PC PID:364 THID:2736 ID:{7CA82DE4-CFE5-438B-9A68-8BE4CF13A4FA} MSG:RegisterModule(uxtuneup-x64.dll) succeeded
[TUINSTALLHELPER] INFO 2018-01-30 17:32:45,859 SAYANNYA-PC PID:364 THID:2736 ID:{BC93CF1D-95F9-4701-B25D-C1801318CB54} MSG:Application end: TUInstallHelper.exe
[TUINSTALLHELPER] INFO 2018-01-30 17:32:45,860 SAYANNYA-PC PID:364 THID:2736 ID:{93B2E3C9-E798-446C-A5CD-5A2EF1199864} MSG:Application end: TUInstallHelper.exe
[TUINSTALLHELPER] INFO 2018-01-30 17:32:47,078 SAYANNYA-PC PID:3004 THID:528 ID:{21536374-B97A-460C-867F-8F867B03C8E8} MSG:Application start: TUInstallHelper.exe (Command line: "C:\Program Files (x86)\AVG\AVG PC TuneUp\TUInstallHelper.exe" --setup-install)
[TUINSTALLHELPER] INFO 2018-01-30 17:32:47,580 SAYANNYA-PC PID:3004 THID:528 ID:{C96F3D8F-E2E4-4185-A833-46BF95789D8F} MSG:Application start: TUInstallHelper (Command line: "C:\Program Files (x86)\AVG\AVG PC TuneUp\TUInstallHelper.exe" --setup-install)
[TUINSTALLHELPER] INFO 2018-01-30 17:32:47,635 SAYANNYA-PC PID:3004 THID:528 ID:{7CA82DE4-CFE5-438B-9A68-8BE4CF13A4FA} MSG:RegisterModule(authuitu-x86.dll) succeeded
[TUINSTALLHELPER] INFO 2018-01-30 17:32:47,712 SAYANNYA-PC PID:3004 THID:528 ID:{7CA82DE4-CFE5-438B-9A68-8BE4CF13A4FA} MSG:RegisterModule(authuitu-x64.dll) succeeded
[TUINSTALLHELPER] INFO 2018-01-30 17:32:47,736 SAYANNYA-PC PID:3004 THID:528 ID:{7CA82DE4-CFE5-438B-9A68-8BE4CF13A4FA} MSG:RegisterModule(SDShelEx-win32.dll) succeeded
[TUINSTALLHELPER] INFO 2018-01-30 17:32:47,865 SAYANNYA-PC PID:3004 THID:528 ID:{7CA82DE4-CFE5-438B-9A68-8BE4CF13A4FA} MSG:RegisterModule(SDShelEx-x64.dll) succeeded
[TUINSTALLHELPER] INFO 2018-01-30 17:32:47,903 SAYANNYA-PC PID:3004 THID:528 ID:{7CA82DE4-CFE5-438B-9A68-8BE4CF13A4FA} MSG:RegisterModule(DseShExt-x86.dll) succeeded
[TUINSTALLHELPER] INFO 2018-01-30 17:32:47,998 SAYANNYA-PC PID:3004 THID:528 ID:{7CA82DE4-CFE5-438B-9A68-8BE4CF13A4FA} MSG:RegisterModule(DseShExt-x64.dll) succeeded
[TUINSTALLHELPER] INFO 2018-01-30 17:32:48,161 SAYANNYA-PC PID:3004 THID:528 ID:{BC93CF1D-95F9-4701-B25D-C1801318CB54} MSG:Application end: TUInstallHelper.exe
[TUINSTALLHELPER] INFO 2018-01-30 17:32:48,162 SAYANNYA-PC PID:3004 THID:528 ID:{93B2E3C9-E798-446C-A5CD-5A2EF1199864} MSG:Application end: TUInstallHelper.exe
[TUINSTALLHELPER] INFO 2018-07-29 19:03:15,290 SAYANNYA-PC PID:5976 THID:3388 ID:{21536374-B97A-460C-867F-8F867B03C8E8} MSG:Application start: TUInstallHelper.exe (Command line: "C:\Program Files (x86)\AVG\AVG PC TuneUp\TUInstallHelper.exe" --setup-startExplorer)
[TUINSTALLHELPER] INFO 2018-07-29 19:03:15,517 SAYANNYA-PC PID:5976 THID:3388 ID:{C96F3D8F-E2E4-4185-A833-46BF95789D8F} MSG:Application start: TUInstallHelper (Command line: "C:\Program Files (x86)\AVG\AVG PC TuneUp\TUInstallHelper.exe" --setup-startExplorer)
[TUINSTALLHELPER] INFO 2018-07-29 19:03:15,795 SAYANNYA-PC PID:5976 THID:3388 ID:{BC93CF1D-95F9-4701-B25D-C1801318CB54} MSG:Application end: TUInstallHelper.exe
[TUINSTALLHELPER] INFO 2018-07-29 19:03:15,810 SAYANNYA-PC PID:5976 THID:3388 ID:{93B2E3C9-E798-446C-A5CD-5A2EF1199864} MSG:Application end: TUInstallHelper.exe
[TUINSTALLHELPER] INFO 2018-07-29 19:03:17,076 SAYANNYA-PC PID:4008 THID:3996 ID:{21536374-B97A-460C-867F-8F867B03C8E8} MSG:Application start: TUInstallHelper.exe (Command line: "C:\Program Files (x86)\AVG\AVG PC TuneUp\TUInstallHelper.exe" --setup-patch)
[TUINSTALLHELPER] INFO 2018-07-29 19:03:17,164 SAYANNYA-PC PID:4008 THID:3996 ID:{C96F3D8F-E2E4-4185-A833-46BF95789D8F} MSG:Application start: TUInstallHelper (Command line: "C:\Program Files (x86)\AVG\AVG PC TuneUp\TUInstallHelper.exe" --setup-patch)
[TUINSTALLHELPER] INFO 2018-07-29 19:03:19,337 SAYANNYA-PC PID:4008 THID:3996 ID:{13B61471-061B-4C8C-8B67-07AF7072F931} MSG:UnregisterModule(DseShExt-x64.dll) succeeded
[TUINSTALLHELPER] INFO 2018-07-29 19:03:19,487 SAYANNYA-PC PID:4008 THID:3996 ID:{13B61471-061B-4C8C-8B67-07AF7072F931} MSG:UnregisterModule(DseShExt-x86.dll) succeeded
[TUINSTALLHELPER] INFO 2018-07-29 19:03:19,827 SAYANNYA-PC PID:4008 THID:3996 ID:{13B61471-061B-4C8C-8B67-07AF7072F931} MSG:UnregisterModule(SDShelEx-x64.dll) succeeded
[TUINSTALLHELPER] INFO 2018-07-29 19:03:19,906 SAYANNYA-PC PID:4008 THID:3996 ID:{13B61471-061B-4C8C-8B67-07AF7072F931} MSG:UnregisterModule(SDShelEx-win32.dll) succeeded
[TUINSTALLHELPER] INFO 2018-07-29 19:03:20,156 SAYANNYA-PC PID:4008 THID:3996 ID:{13B61471-061B-4C8C-8B67-07AF7072F931} MSG:UnregisterModule(uxtuneup-x64.dll) succeeded
[TUINSTALLHELPER] INFO 2018-07-29 19:03:20,235 SAYANNYA-PC PID:4008 THID:3996 ID:{13B61471-061B-4C8C-8B67-07AF7072F931} MSG:UnregisterModule(uxtuneup-x86.dll) succeeded
[TUINSTALLHELPER] INFO 2018-07-29 19:03:20,404 SAYANNYA-PC PID:4008 THID:3996 ID:{13B61471-061B-4C8C-8B67-07AF7072F931} MSG:UnregisterModule(authuitu-x64.dll) succeeded
[TUINSTALLHELPER] INFO 2018-07-29 19:03:20,634 SAYANNYA-PC PID:4008 THID:3996 ID:{13B61471-061B-4C8C-8B67-07AF7072F931} MSG:UnregisterModule(authuitu-x86.dll) succeeded
[TUINSTALLHELPER] INFO 2018-07-29 19:03:22,574 SAYANNYA-PC PID:4008 THID:3996 ID:{BC93CF1D-95F9-4701-B25D-C1801318CB54} MSG:Application end: TUInstallHelper.exe
[TUINSTALLHELPER] INFO 2018-07-29 19:03:22,575 SAYANNYA-PC PID:4008 THID:3996 ID:{93B2E3C9-E798-446C-A5CD-5A2EF1199864} MSG:Application end: TUInstallHelper.exe
[TUINSTALLHELPER] INFO 2018-07-29 19:03:23,116 SAYANNYA-PC PID:5172 THID:5596 ID:{21536374-B97A-460C-867F-8F867B03C8E8} MSG:Application start: TUInstallHelper.exe (Command line: "C:\Program Files (x86)\AVG\AVG PC TuneUp\TUInstallHelper.exe" --setup-extractData)
[TUINSTALLHELPER] INFO 2018-07-29 19:03:23,183 SAYANNYA-PC PID:5172 THID:5596 ID:{C96F3D8F-E2E4-4185-A833-46BF95789D8F} MSG:Application start: TUInstallHelper (Command line: "C:\Program Files (x86)\AVG\AVG PC TuneUp\TUInstallHelper.exe" --setup-extractData)
[TUINSTALLHELPER] INFO 2018-07-29 19:03:25,673 SAYANNYA-PC PID:5172 THID:5596 ID:{BC93CF1D-95F9-4701-B25D-C1801318CB54} MSG:Application end: TUInstallHelper.exe
[TUINSTALLHELPER] INFO 2018-07-29 19:03:25,673 SAYANNYA-PC PID:5172 THID:5596 ID:{93B2E3C9-E798-446C-A5CD-5A2EF1199864} MSG:Application end: TUInstallHelper.exe
[TUINSTALLHELPER] INFO 2018-07-29 19:03:29,059 SAYANNYA-PC PID:3988 THID:3980 ID:{21536374-B97A-460C-867F-8F867B03C8E8} MSG:Application start: TUInstallHelper.exe (Command line: "C:\Program Files (x86)\AVG\AVG PC TuneUp\TUInstallHelper.exe" --setup-updateShortcuts)
[TUINSTALLHELPER] INFO 2018-07-29 19:03:29,143 SAYANNYA-PC PID:3988 THID:3980 ID:{C96F3D8F-E2E4-4185-A833-46BF95789D8F} MSG:Application start: TUInstallHelper (Command line: "C:\Program Files (x86)\AVG\AVG PC TuneUp\TUInstallHelper.exe" --setup-updateShortcuts)
[TUINSTALLHELPER] INFO 2018-07-29 19:03:29,162 SAYANNYA-PC PID:3988 THID:3980 ID:{7CA82DE4-CFE5-438B-9A68-8BE4CF13A4FA} MSG:RegisterModule(uxtuneup-x86.dll) succeeded
[TUINSTALLHELPER] INFO 2018-07-29 19:03:31,503 SAYANNYA-PC PID:3988 THID:3980 ID:{7CA82DE4-CFE5-438B-9A68-8BE4CF13A4FA} MSG:RegisterModule(uxtuneup-x64.dll) succeeded
[TUINSTALLHELPER] INFO 2018-07-29 19:03:32,054 SAYANNYA-PC PID:3988 THID:3980 ID:{BC93CF1D-95F9-4701-B25D-C1801318CB54} MSG:Application end: TUInstallHelper.exe
[TUINSTALLHELPER] INFO 2018-07-29 19:03:32,056 SAYANNYA-PC PID:3988 THID:3980 ID:{93B2E3C9-E798-446C-A5CD-5A2EF1199864} MSG:Application end: TUInstallHelper.exe
[TUINSTALLHELPER] INFO 2018-07-29 19:03:33,930 SAYANNYA-PC PID:6072 THID:5740 ID:{21536374-B97A-460C-867F-8F867B03C8E8} MSG:Application start: TUInstallHelper.exe (Command line: "C:\Program Files (x86)\AVG\AVG PC TuneUp\TUInstallHelper.exe" --setup-install)
[TUINSTALLHELPER] INFO 2018-07-29 19:03:34,211 SAYANNYA-PC PID:6072 THID:5740 ID:{C96F3D8F-E2E4-4185-A833-46BF95789D8F} MSG:Application start: TUInstallHelper (Command line: "C:\Program Files (x86)\AVG\AVG PC TuneUp\TUInstallHelper.exe" --setup-install)
[TUINSTALLHELPER] INFO 2018-07-29 19:03:34,257 SAYANNYA-PC PID:6072 THID:5740 ID:{7CA82DE4-CFE5-438B-9A68-8BE4CF13A4FA} MSG:RegisterModule(authuitu-x86.dll) succeeded
[TUINSTALLHELPER] INFO 2018-07-29 19:03:34,375 SAYANNYA-PC PID:6072 THID:5740 ID:{7CA82DE4-CFE5-438B-9A68-8BE4CF13A4FA} MSG:RegisterModule(authuitu-x64.dll) succeeded
[TUINSTALLHELPER] INFO 2018-07-29 19:03:34,529 SAYANNYA-PC PID:6072 THID:5740 ID:{7CA82DE4-CFE5-438B-9A68-8BE4CF13A4FA} MSG:RegisterModule(SDShelEx-win32.dll) succeeded
[TUINSTALLHELPER] INFO 2018-07-29 19:03:34,641 SAYANNYA-PC PID:6072 THID:5740 ID:{7CA82DE4-CFE5-438B-9A68-8BE4CF13A4FA} MSG:RegisterModule(SDShelEx-x64.dll) succeeded
[TUINSTALLHELPER] INFO 2018-07-29 19:03:34,678 SAYANNYA-PC PID:6072 THID:5740 ID:{7CA82DE4-CFE5-438B-9A68-8BE4CF13A4FA} MSG:RegisterModule(DseShExt-x86.dll) succeeded
[TUINSTALLHELPER] INFO 2018-07-29 19:03:34,736 SAYANNYA-PC PID:6072 THID:5740 ID:{7CA82DE4-CFE5-438B-9A68-8BE4CF13A4FA} MSG:RegisterModule(DseShExt-x64.dll) succeeded
[TUINSTALLHELPER] INFO 2018-07-29 19:03:34,868 SAYANNYA-PC PID:6072 THID:5740 ID:{BC93CF1D-95F9-4701-B25D-C1801318CB54} MSG:Application end: TUInstallHelper.exe
[TUINSTALLHELPER] INFO 2018-07-29 19:03:34,869 SAYANNYA-PC PID:6072 THID:5740 ID:{93B2E3C9-E798-446C-A5CD-5A2EF1199864} MSG:Application end: TUInstallHelper.exe
