[tusetupcustomaction] INFO 2017-09-09 07:51:25,764 SAYANNYA-PC PID:5768 THID:2496 ID:D4196F9D-6F53-45C9-B850-D47BA65AB20E:207.206912.d5cb030e6b22ee4b9a06b6fa729326a2491acf01.7 MSG:*
[tusetupcustomaction] INFO 2017-09-09 07:51:47,365 SAYANNYA-PC PID:5768 THID:4624 ID:D4196F9D-6F53-45C9-B850-D47BA65AB20E:151.206912.d5cb030e6b22ee4b9a06b6fa729326a2491acf01.7 MSG:*
[tusetupcustomaction] INFO 2017-09-09 07:51:47,372 SAYANNYA-PC PID:5768 THID:4624 ID:D4196F9D-6F53-45C9-B850-D47BA65AB20E:36.206912.d5cb030e6b22ee4b9a06b6fa729326a2491acf01.7 MSG:aBwx2NG2tC4Ju0kQsfCq0w8x40tfkHHJkgbGSuud51J9uX9uTfdpMna5h+jc7aCg+MwKJlhYYT/lup9vxCGyAFSoxdg==
[tusetupcustomaction] INFO 2017-09-09 07:51:57,133 SAYANNYA-PC PID:5768 THID:4840 ID:D4196F9D-6F53-45C9-B850-D47BA65AB20E:159.206912.d5cb030e6b22ee4b9a06b6fa729326a2491acf01.7 MSG:*
[tusetupcustomaction] INFO 2017-09-09 07:51:57,134 SAYANNYA-PC PID:5768 THID:4840 ID:D4196F9D-6F53-45C9-B850-D47BA65AB20E:36.206912.d5cb030e6b22ee4b9a06b6fa729326a2491acf01.7 MSG:aA8raG73tnfGTOQq/m0mDF6P7NM7c85VFZc/OYZxffmteE71a5U+sODS5lCWqjmCRCTh7fGV4zBPvGVnVBpiovUX32g==
[tusetupcustomaction] INFO 2017-09-09 07:52:02,179 SAYANNYA-PC PID:5768 THID:6024 ID:D4196F9D-6F53-45C9-B850-D47BA65AB20E:200.206912.d5cb030e6b22ee4b9a06b6fa729326a2491acf01.7 MSG:*
[tusetupcustomaction] INFO 2017-09-09 07:52:10,096 SAYANNYA-PC PID:5768 THID:4404 ID:D4196F9D-6F53-45C9-B850-D47BA65AB20E:207.191903.41af9f920cd6be84e62f6706428b373a25f25610.7 MSG:*
[tusetupcustomaction] INFO 2017-11-24 06:07:16,443 SAYANNYA-PC PID:5456 THID:3976 ID:D4196F9D-6F53-45C9-B850-D47BA65AB20E:207.215212.eac9b7b44f662f70e17daa983e816803e6a9fab5.7 MSG:*
[tusetupcustomaction] INFO 2017-11-24 06:07:52,132 SAYANNYA-PC PID:5456 THID:1784 ID:D4196F9D-6F53-45C9-B850-D47BA65AB20E:151.215212.eac9b7b44f662f70e17daa983e816803e6a9fab5.7 MSG:*
[tusetupcustomaction] INFO 2017-11-24 06:07:52,133 SAYANNYA-PC PID:5456 THID:1784 ID:D4196F9D-6F53-45C9-B850-D47BA65AB20E:36.215212.eac9b7b44f662f70e17daa983e816803e6a9fab5.7 MSG:aDZralSWSgGVK+vHMDqndAlLQoYe8J41A1v/z8VP/S3EcETNiXuyCUzWbZ6cLUDsBnQjwiuWPZ2Pxr1ebCBrE0Umn2g==
[tusetupcustomaction] INFO 2017-11-24 06:08:02,311 SAYANNYA-PC PID:5456 THID:756 ID:D4196F9D-6F53-45C9-B850-D47BA65AB20E:159.215212.eac9b7b44f662f70e17daa983e816803e6a9fab5.7 MSG:*
[tusetupcustomaction] INFO 2017-11-24 06:08:02,336 SAYANNYA-PC PID:5456 THID:756 ID:D4196F9D-6F53-45C9-B850-D47BA65AB20E:36.215212.eac9b7b44f662f70e17daa983e816803e6a9fab5.7 MSG:aDMnXyfcWhgF+VzufEjaGIMz27romoTfq5GcKAHMuCv4zY0rV6/dU98G5yjH8xBOAAI8F7mQeNxfT23MFm7IrDKf01w==
[tusetupcustomaction] INFO 2017-11-24 06:08:09,964 SAYANNYA-PC PID:5456 THID:3712 ID:D4196F9D-6F53-45C9-B850-D47BA65AB20E:200.215212.eac9b7b44f662f70e17daa983e816803e6a9fab5.7 MSG:*
[tusetupcustomaction] INFO 2017-11-24 06:08:15,619 SAYANNYA-PC PID:5456 THID:476 ID:D4196F9D-6F53-45C9-B850-D47BA65AB20E:207.206912.d5cb030e6b22ee4b9a06b6fa729326a2491acf01.7 MSG:*
[tusetupcustomaction] INFO 2018-01-30 17:32:08,595 SAYANNYA-PC PID:1312 THID:516 ID:D4196F9D-6F53-45C9-B850-D47BA65AB20E:207.219668.eb293f6a96034e37a89194dd931ec3958a10bf32.7 MSG:*
[tusetupcustomaction] INFO 2018-01-30 17:32:38,690 SAYANNYA-PC PID:1312 THID:4080 ID:D4196F9D-6F53-45C9-B850-D47BA65AB20E:151.219668.eb293f6a96034e37a89194dd931ec3958a10bf32.7 MSG:*
[tusetupcustomaction] INFO 2018-01-30 17:32:38,715 SAYANNYA-PC PID:1312 THID:4080 ID:D4196F9D-6F53-45C9-B850-D47BA65AB20E:36.219668.eb293f6a96034e37a89194dd931ec3958a10bf32.7 MSG:aDMnXyfcWhgF+VzufEjaGIMz27romoTfq5GcKAHMuCv4zY0rV6/dU98G5yjH8xBOAAI8F7mQeNxfT23MFm7IrDKf01w==
[tusetupcustomaction] INFO 2018-01-30 17:32:48,390 SAYANNYA-PC PID:1312 THID:5920 ID:D4196F9D-6F53-45C9-B850-D47BA65AB20E:159.219668.eb293f6a96034e37a89194dd931ec3958a10bf32.7 MSG:*
[tusetupcustomaction] INFO 2018-01-30 17:32:48,391 SAYANNYA-PC PID:1312 THID:5920 ID:D4196F9D-6F53-45C9-B850-D47BA65AB20E:36.219668.eb293f6a96034e37a89194dd931ec3958a10bf32.7 MSG:aBORTM8h5soXr2QyFcwT1P5u8kYxa/GGm6Q447+zoN8j+ZAkFrFFbXG7LjkTSy57E+UrpQjE1rNc1dYAFWqkrXbjZUw==
[tusetupcustomaction] INFO 2018-01-30 17:32:57,216 SAYANNYA-PC PID:1312 THID:5508 ID:D4196F9D-6F53-45C9-B850-D47BA65AB20E:200.219668.eb293f6a96034e37a89194dd931ec3958a10bf32.7 MSG:*
[tusetupcustomaction] INFO 2018-01-30 17:33:02,577 SAYANNYA-PC PID:1312 THID:3828 ID:D4196F9D-6F53-45C9-B850-D47BA65AB20E:207.215212.eac9b7b44f662f70e17daa983e816803e6a9fab5.7 MSG:*
[tusetupcustomaction] INFO 2018-07-29 19:02:40,733 SAYANNYA-PC PID:4720 THID:3292 ID:D4196F9D-6F53-45C9-B850-D47BA65AB20E:207.229802.6e4695fd6ce23eb3541f255b0f289c38e2360886.7 MSG:*
[tusetupcustomaction] INFO 2018-07-29 19:03:22,854 SAYANNYA-PC PID:4720 THID:3268 ID:D4196F9D-6F53-45C9-B850-D47BA65AB20E:151.229802.6e4695fd6ce23eb3541f255b0f289c38e2360886.7 MSG:*
[tusetupcustomaction] INFO 2018-07-29 19:03:22,862 SAYANNYA-PC PID:4720 THID:3268 ID:D4196F9D-6F53-45C9-B850-D47BA65AB20E:36.229802.6e4695fd6ce23eb3541f255b0f289c38e2360886.7 MSG:aBtfKZVsoBinzAAK9MvqQBF3dp0ygDizBvYR4y2ugZCoME9se1I3qGAoPMH4DRVddNxnAPfE1kJshYUq9RIii8MTqyg==
[tusetupcustomaction] INFO 2018-07-29 19:03:35,593 SAYANNYA-PC PID:4720 THID:5540 ID:D4196F9D-6F53-45C9-B850-D47BA65AB20E:159.229802.6e4695fd6ce23eb3541f255b0f289c38e2360886.7 MSG:*
[tusetupcustomaction] INFO 2018-07-29 19:03:35,594 SAYANNYA-PC PID:4720 THID:5540 ID:D4196F9D-6F53-45C9-B850-D47BA65AB20E:36.229802.6e4695fd6ce23eb3541f255b0f289c38e2360886.7 MSG:aDkxXujl+2p81itPOj7kOTDuI6cwYh5wFKNC93hOglOeUeOC/eXr3zQnGWTUJCWgHa6d9/IvnhN5QnX1DQ7PwCC9xVw==
[tusetupcustomaction] INFO 2018-07-29 19:03:42,571 SAYANNYA-PC PID:4720 THID:2180 ID:D4196F9D-6F53-45C9-B850-D47BA65AB20E:200.229802.6e4695fd6ce23eb3541f255b0f289c38e2360886.7 MSG:*
[tusetupcustomaction] INFO 2018-07-29 19:03:46,144 SAYANNYA-PC PID:4720 THID:3732 ID:D4196F9D-6F53-45C9-B850-D47BA65AB20E:207.219668.eb293f6a96034e37a89194dd931ec3958a10bf32.7 MSG:*
